docker compose run  -w /app/importer --rm utils  uv run importer
 Container hagiographies-utils-run-f47b47234062 Creating 
 Container hagiographies-utils-run-f47b47234062 Created 
[03/23/26 14:55:55] INFO     Using database at                       cli.py:1117
                             /data/hagiographies.db                             
                    INFO     Reading: /data/hagiographies.xlsx       cli.py:1118
[03/23/26 14:56:30] INFO     Worksheets: ['Manuscripts', 'Editions', cli.py:1128
                             'Corpus hagio', 'Blad4', 'Blad1']                  
                    INFO     === Step 1: Importing Text (Tab 3) ===  cli.py:1133
                    INFO     [Headers] ['BHL reference (orange =      cli.py:543
                             versions with multiple Unique                      
                             Identifiers or IDd redactions in one               
                             box)', 'Code', 'Check BHL', 'Check Index           
                             scriptorum Belgii', 'Check Narrative               
                             Sources', 'Check Deutschlands                      
                             Geschichtsquellen', 'Check  Philippart',           
                             'Check secondaryliterature', 'BHL                  
                             reference', 'Approx. length in words',             
                             'Title', 'Rough chronology', 'Dating',             
                             'Archbishopric', 'Bishopric', 'Origin',            
                             'GPS Longitude OR', 'GPS Latitude OR',             
                             'Precise origin?', 'Primary                        
                             destinatary', 'GPS Longitude DES', 'GPS            
                             Latitude DES', 'Precise destinatary?',             
                             'Author', 'Locally based in Origin (see            
                             col. O)?', 'Education', 'Antecedents',             
                             'Milieu', 'Source type', 'Subtype',                
                             'Mainly prose or verse', 'Réécriture?',            
                             'Of which text(s)?', 'Based on pre-880             
                             text?', 'Edition reference', 'Direct               
                             AASS link', 'Direct other links', 'MGH',           
                             'Definitely OCR pre-1800 + look for                
                             alternatives', 'Definitely OCR                     
                             post-1800', 'Full OCR/XML available?',             
                             'Cleaned?', 'Comments on                           
                             OCR/Cleaning/edition', 'Edition link 1             
                             (some broken)', 'Edition link 2',                  
                             'Repertory entries and key                         
                             bibliography', 'Notes', None, None,                
                             None, None, None, None, None, None,                
                             None, None, None, None, None]                      
                    INFO     [Tab 3] Headers: ['BHL reference (orange cli.py:598
                             = versions with multiple Unique                    
                             Identifiers or IDd redactions in one               
                             box)', 'Code', 'Check BHL', 'Check Index           
                             scriptorum Belgii', 'Check Narrative               
                             Sources', 'Check Deutschlands                      
                             Geschichtsquellen', 'Check  Philippart',           
                             'Check secondaryliterature', 'BHL                  
                             reference', 'Approx. length in words',             
                             'Title', 'Rough chronology', 'Dating',             
                             'Archbishopric', 'Bishopric', 'Origin',            
                             'GPS Longitude OR', 'GPS Latitude OR',             
                             'Precise origin?', 'Primary                        
                             destinatary', 'GPS Longitude DES', 'GPS            
                             Latitude DES', 'Precise destinatary?',             
                             'Author', 'Locally based in Origin (see            
                             col. O)?', 'Education', 'Antecedents',             
                             'Milieu', 'Source type', 'Subtype',                
                             'Mainly prose or verse', 'Réécriture?',            
                             'Of which text(s)?', 'Based on pre-880             
                             text?', 'Edition reference', 'Direct               
                             AASS link', 'Direct other links', 'MGH',           
                             'Definitely OCR pre-1800 + look for                
                             alternatives', 'Definitely OCR                     
                             post-1800', 'Full OCR/XML available?',             
                             'Cleaned?', 'Comments on                           
                             OCR/Cleaning/edition', 'Edition link 1             
                             (some broken)', 'Edition link 2',                  
                             'Repertory entries and key                         
                             bibliography', 'Notes']                            
[03/23/26 14:56:47] INFO     [Corpus hagio] 10 consecutive empty rows cli.py:217
                             at row 200 — stopping early.                       
                    INFO     [Tab 3] Text: 0 inserted, 189 skipped.   cli.py:720
                    INFO     === Step 2: Importing Manuscripts (Tab  cli.py:1136
                             1) ===                                             
                    INFO     [Headers] [None, 'Title',                cli.py:543
                             'Archbishopric', 'Bishopric', 'Origin',            
                             'LEG', 'DG', 'NASO', 'ED/SEC', 'MS N°              
                             per BHL number', 'Unique ID', 'Unique              
                             identifier per collection', 'Location',            
                             'Heritage institution', 'Shelfmark',               
                             'Folio or page per BHL', 'Dating by                
                             (earliest) century', 'Dating',                     
                             'Provenance general', 'Provenance                  
                             archdiocese', 'Provenance diocese',                
                             'Provenance institution', 'Vernacular              
                             region (Romance/Germanic)', 'Online                
                             catalogue link', 'Bollandist catalogue             
                             link', 'Other relevant catalogue link',            
                             'IIIF, scan, or no images', 'Link to               
                             images', 'Notes', 'Manuscript type',               
                             'Relation to other manuscript                      
                             witnesses?', 'Height', 'Width', None,              
                             None, None, None, None, None, None,                
                             None, None, None, None, None, None,                
                             None, None, None, None, None, None]                
                    INFO     [Tab 1] Headers: ['Title',               cli.py:744
                             'Archbishopric', 'Bishopric', 'Origin',            
                             'LEG', 'DG', 'NASO', 'ED/SEC', 'MS N°              
                             per BHL number', 'Unique ID', 'Unique              
                             identifier per collection', 'Location',            
                             'Heritage institution', 'Shelfmark',               
                             'Folio or page per BHL', 'Dating by                
                             (earliest) century', 'Dating',                     
                             'Provenance general', 'Provenance                  
                             archdiocese', 'Provenance diocese',                
                             'Provenance institution', 'Vernacular              
                             region (Romance/Germanic)', 'Online                
                             catalogue link', 'Bollandist catalogue             
                             link', 'Other relevant catalogue link',            
                             'IIIF, scan, or no images', 'Link to               
                             images', 'Notes', 'Manuscript type',               
                             'Relation to other manuscript                      
                             witnesses?', 'Height', 'Width']                    
[03/23/26 14:57:18] ERROR    [Tab 1] Batch error:                     cli.py:900
                             (sqlite3.OperationalError) database is             
                             locked                                             
                             (Background on this error at:                      
                             https://sqlalche.me/e/20/e3q8)                     
[03/23/26 14:57:49] ERROR    [Tab 1] Batch error:                     cli.py:900
                             (sqlite3.OperationalError) database is             
                             locked                                             
                             (Background on this error at:                      
                             https://sqlalche.me/e/20/e3q8)                     
[03/23/26 14:58:18] INFO     [Relations] Processing 0 relation        cli.py:906
                             tasks...                                           
                    INFO     [Relations] 0 created, 0 skipped.        cli.py:943
                    INFO     [Tab 1] Done — 140 inserted, 1319        cli.py:945
                             skipped, 0 relations created, 1560 URLs            
                             imported, 123 images created.                      
                    INFO     === Step 3: Importing Editions (Tab 2)  cli.py:1139
                             ===                                                
[03/23/26 14:58:19] INFO     [Headers] ['BHL', 'Title', 'Ed.          cli.py:543
                             reference per individual text', 'BHL',             
                             'DG', 'NASO', 'ISB', 'ED/SEC', 'Unique             
                             ED ID', 'Unique  identifier per edition            
                             + volume', 'Date', 'Edition reference',            
                             'Pages', 'Reprint?', 'If reprint,                  
                             identically typeset?', 'If reprint,                
                             newly typeset?', 'If reprint, of what?',           
                             'Link format', 'Online scan link',                 
                             'Transcribed?', 'Our transcribed ed.?',            
                             'Collation done?', 'MS USED 1', 'MS USED           
                             2', 'MS USED 3', 'MS USED 4', 'MS USED             
                             5', 'MS USED 6', 'MS USED 7', 'MS USED             
                             8', 'MS USED 9', 'MS USED 10', 'MS USED            
                             11', 'MS USED 12', 'MS USED 13', 'MS               
                             USED 14', 'MS USED 15', 'MS USED 16',              
                             'Edition used 1', 'Edition used 2',                
                             'Edition used 3', 'Edition used 4',                
                             'Edition used 5', 'Notes', None, None,             
                             None, None, None, None, None, None,                
                             None, None, None, None, None, None,                
                             None, None, None, None, None, None,                
                             None, None, None, None, None, None,                
                             None, None, None, None, None, None,                
                             None, None, None, None, None, None,                
                             None, None, None, None, None, None,                
                             None, None, None, None, None, None,                
                             None, None, None, None, None, None,                
                             None, None, None, None, None, None,                
                             None, None, None, None, None, None]                
                    INFO     [Tab 2] Headers: ['BHL', 'Title', 'Ed.   cli.py:973
                             reference per individual text', 'BHL',             
                             'DG', 'NASO', 'ISB', 'ED/SEC', 'Unique             
                             ED ID', 'Unique  identifier per edition            
                             + volume', 'Date', 'Edition reference',            
                             'Pages', 'Reprint?', 'If reprint,                  
                             identically typeset?', 'If reprint,                
                             newly typeset?', 'If reprint, of what?',           
                             'Link format', 'Online scan link',                 
                             'Transcribed?', 'Our transcribed ed.?',            
                             'Collation done?', 'MS USED 1', 'MS USED           
                             2', 'MS USED 3', 'MS USED 4', 'MS USED             
                             5', 'MS USED 6', 'MS USED 7', 'MS USED             
                             8', 'MS USED 9', 'MS USED 10', 'MS USED            
                             11', 'MS USED 12', 'MS USED 13', 'MS               
                             USED 14', 'MS USED 15', 'MS USED 16',              
                             'Edition used 1', 'Edition used 2',                
                             'Edition used 3', 'Edition used 4',                
                             'Edition used 5', 'Notes']                         
[03/23/26 14:58:20] INFO     [Tab 2] Batch committed — 500 editions  cli.py:1093
                             inserted so far                                    
                    INFO     [Editions] 10 consecutive empty rows at  cli.py:217
                             row 802 — stopping early.                          
[03/23/26 14:58:21] INFO     [Tab 2] Batch committed — 791 editions  cli.py:1093
                             inserted so far                                    
                    INFO     [Tab 2] Done — 791 editions inserted, 0 cli.py:1103
                             edition-manuscript links created, 663              
                             scan URLs imported, 125 URLs skipped.              
                    INFO     Import complete. Validation report:     cli.py:1143
                             /data/import_hagio_validation.xlsx                 
